<?xml version="1.0" encoding="UTF-8"?>
<robot generator="Robot 3.2.2 (Python 3.8.5 on win32)" generated="20201009 12:13:16.107" rpa="false">
<suite id="s1" name="Info-Erzeugen" source="C:\Users\Oliver\Documents\SOBR\SUVA Test Automatisierung\Test-Automatisierung\Erzeugen\info-erzeugen.robot">
<test id="s1-t1" name="Man kann eine neue Information erzeugen">
<kw name="Login-SSA">
<kw name="Open Browser" library="SeleniumLibrary">
<doc>Opens a new browser instance to the optional ``url``.</doc>
<arguments>
<arg>https://ssa-test.scapp.io</arg>
<arg>${Browser}</arg>
</arguments>
<msg timestamp="20201009 12:13:16.384" level="INFO">Opening browser 'Chrome' to base url 'https://ssa-test.scapp.io'.</msg>
<status status="PASS" starttime="20201009 12:13:16.384" endtime="20201009 12:13:22.630"></status>
</kw>
<kw name="Maximize Browser Window" library="SeleniumLibrary">
<doc>Maximizes current browser window.</doc>
<status status="PASS" starttime="20201009 12:13:22.631" endtime="20201009 12:13:24.753"></status>
</kw>
<kw name="Wait Until Element Is Visible" library="SeleniumLibrary">
<doc>Waits until the element ``locator`` is visible.</doc>
<arguments>
<arg>${Anmelden}</arg>
</arguments>
<status status="PASS" starttime="20201009 12:13:24.753" endtime="20201009 12:13:24.802"></status>
</kw>
<kw name="Input Text" library="SeleniumLibrary">
<doc>Types the given ``text`` into the text field identified by ``locator``.</doc>
<arguments>
<arg>id=login-email</arg>
<arg>${Username}</arg>
</arguments>
<msg timestamp="20201009 12:13:24.803" level="INFO">Typing text 'oli+13@sobr.ch' into text field 'id=login-email'.</msg>
<status status="PASS" starttime="20201009 12:13:24.803" endtime="20201009 12:13:25.093"></status>
</kw>
<kw name="Input Text" library="SeleniumLibrary">
<doc>Types the given ``text`` into the text field identified by ``locator``.</doc>
<arguments>
<arg>name=Passwort</arg>
<arg>${Password}</arg>
</arguments>
<msg timestamp="20201009 12:13:25.094" level="INFO">Typing text '1aA@0000' into text field 'name=Passwort'.</msg>
<status status="PASS" starttime="20201009 12:13:25.093" endtime="20201009 12:13:25.432"></status>
</kw>
<kw name="Click Element" library="SeleniumLibrary">
<doc>Click the element identified by ``locator``.</doc>
<arguments>
<arg>${Anmelden}</arg>
</arguments>
<msg timestamp="20201009 12:13:25.433" level="INFO">Clicking element 'xpath=/html/body/div[1]/div/div/div/section/div/div/div/div[2]/div[1]/div/form/section[3]/div[1]'.</msg>
<status status="PASS" starttime="20201009 12:13:25.432" endtime="20201009 12:13:25.512"></status>
</kw>
<status status="PASS" starttime="20201009 12:13:16.383" endtime="20201009 12:13:25.513"></status>
</kw>
<kw name="Sleep" library="BuiltIn">
<doc>Pauses the test executed for the given time.</doc>
<arguments>
<arg>10s</arg>
</arguments>
<msg timestamp="20201009 12:13:35.517" level="INFO">Slept 10 seconds</msg>
<status status="PASS" starttime="20201009 12:13:25.514" endtime="20201009 12:13:35.518"></status>
</kw>
<kw name="Wait Until Element Is Not Visible" library="SeleniumLibrary">
<doc>Waits until the element ``locator`` is not visible.</doc>
<arguments>
<arg>class=loader-bg</arg>
<arg>${Delay}</arg>
</arguments>
<status status="PASS" starttime="20201009 12:13:35.519" endtime="20201009 12:13:44.077"></status>
</kw>
<kw name="Wait Until Element Is Visible" library="SeleniumLibrary">
<doc>Waits until the element ``locator`` is visible.</doc>
<arguments>
<arg>${Informationen}</arg>
<arg>${Delay}</arg>
</arguments>
<status status="PASS" starttime="20201009 12:13:44.078" endtime="20201009 12:13:44.150"></status>
</kw>
<kw name="Click Element" library="SeleniumLibrary">
<doc>Click the element identified by ``locator``.</doc>
<arguments>
<arg>${Informationen}</arg>
</arguments>
<msg timestamp="20201009 12:13:44.151" level="INFO">Clicking element 'class=icon-information-unread'.</msg>
<status status="PASS" starttime="20201009 12:13:44.151" endtime="20201009 12:13:44.426"></status>
</kw>
<kw name="Wait Until Element Is Visible" library="SeleniumLibrary">
<doc>Waits until the element ``locator`` is visible.</doc>
<arguments>
<arg>${Hinzufügen}</arg>
<arg>${Delay}</arg>
</arguments>
<status status="PASS" starttime="20201009 12:13:44.427" endtime="20201009 12:13:45.641"></status>
</kw>
<kw name="Click Element" library="SeleniumLibrary">
<doc>Click the element identified by ``locator``.</doc>
<arguments>
<arg>${Hinzufügen}</arg>
</arguments>
<msg timestamp="20201009 12:13:45.642" level="INFO">Clicking element 'xpath=//div[contains(text(),'Hinzufügen')]'.</msg>
<status status="PASS" starttime="20201009 12:13:45.642" endtime="20201009 12:13:46.053"></status>
</kw>
<kw name="Click Element" library="SeleniumLibrary">
<doc>Click the element identified by ``locator``.</doc>
<arguments>
<arg>${Speichern}</arg>
</arguments>
<msg timestamp="20201009 12:13:46.056" level="INFO">Clicking element 'class=save-text'.</msg>
<status status="PASS" starttime="20201009 12:13:46.055" endtime="20201009 12:13:46.308"></status>
</kw>
<kw name="Get Current Date" library="DateTime">
<doc>Returns current local or UTC time with an optional increment.</doc>
<arguments>
<arg>result_format=%d.%m.%Y, ${Min}</arg>
</arguments>
<assign>
<var>${Date}</var>
</assign>
<msg timestamp="20201009 12:13:46.319" level="INFO">${Date} = 09.10.2020, 23:59</msg>
<status status="PASS" starttime="20201009 12:13:46.311" endtime="20201009 12:13:46.320"></status>
</kw>
<kw name="Element Text Should Be" library="SeleniumLibrary">
<doc>Verifies that element ``locator`` contains exact the text ``expected``.</doc>
<arguments>
<arg>//*[@id="content"]/div/div/div[2]/div/div[1]/div/div[2]/table/tbody/tr[1]/td[4]/div/div/div/span/span[1]/span[2]</arg>
<arg>${Date}</arg>
</arguments>
<msg timestamp="20201009 12:13:46.326" level="INFO">Verifying element '//*[@id="content"]/div/div/div[2]/div/div[1]/div/div[2]/table/tbody/tr[1]/td[4]/div/div/div/span/span[1]/span[2]' contains exact text '09.10.2020, 23:59'.</msg>
<status status="PASS" starttime="20201009 12:13:46.323" endtime="20201009 12:13:46.411"></status>
</kw>
<status status="PASS" starttime="20201009 12:13:16.383" endtime="20201009 12:13:46.412" critical="yes"></status>
</test>
<status status="PASS" starttime="20201009 12:13:16.110" endtime="20201009 12:13:46.420"></status>
</suite>
<statistics>
<total>
<stat pass="1" fail="0">Critical Tests</stat>
<stat pass="1" fail="0">All Tests</stat>
</total>
<tag>
</tag>
<suite>
<stat pass="1" fail="0" id="s1" name="Info-Erzeugen">Info-Erzeugen</stat>
</suite>
</statistics>
<errors>
</errors>
</robot>
