<?xml version="1.0" encoding="UTF-8"?>
<robot generator="Robot 3.2.2 (Python 3.8.5 on win32)" generated="20201009 13:11:54.699" rpa="false">
<suite id="s1" name="Spontanes Audit-Erzeugen" source="C:\Users\Oliver\Documents\SOBR\SUVA Test Automatisierung\Test-Automatisierung\Erzeugen\spontanes_audit-erzeugen.robot">
<test id="s1-t1" name="Man kann eine neue Information erzeugen">
<kw name="Login-SSA">
<kw name="Open Browser" library="SeleniumLibrary">
<doc>Opens a new browser instance to the optional ``url``.</doc>
<arguments>
<arg>https://ssa-test.scapp.io</arg>
<arg>${Browser}</arg>
</arguments>
<msg timestamp="20201009 13:11:54.985" level="INFO">Opening browser 'Chrome' to base url 'https://ssa-test.scapp.io'.</msg>
<status status="PASS" starttime="20201009 13:11:54.985" endtime="20201009 13:12:01.179"></status>
</kw>
<kw name="Maximize Browser Window" library="SeleniumLibrary">
<doc>Maximizes current browser window.</doc>
<status status="PASS" starttime="20201009 13:12:01.179" endtime="20201009 13:12:03.337"></status>
</kw>
<kw name="Wait Until Element Is Visible" library="SeleniumLibrary">
<doc>Waits until the element ``locator`` is visible.</doc>
<arguments>
<arg>${Anmelden}</arg>
</arguments>
<status status="PASS" starttime="20201009 13:12:03.337" endtime="20201009 13:12:03.382"></status>
</kw>
<kw name="Input Text" library="SeleniumLibrary">
<doc>Types the given ``text`` into the text field identified by ``locator``.</doc>
<arguments>
<arg>id=login-email</arg>
<arg>${Username}</arg>
</arguments>
<msg timestamp="20201009 13:12:03.384" level="INFO">Typing text 'oli+13@sobr.ch' into text field 'id=login-email'.</msg>
<status status="PASS" starttime="20201009 13:12:03.382" endtime="20201009 13:12:03.618"></status>
</kw>
<kw name="Input Text" library="SeleniumLibrary">
<doc>Types the given ``text`` into the text field identified by ``locator``.</doc>
<arguments>
<arg>name=Passwort</arg>
<arg>${Password}</arg>
</arguments>
<msg timestamp="20201009 13:12:03.618" level="INFO">Typing text '1aA@0000' into text field 'name=Passwort'.</msg>
<status status="PASS" starttime="20201009 13:12:03.618" endtime="20201009 13:12:03.833"></status>
</kw>
<kw name="Click Element" library="SeleniumLibrary">
<doc>Click the element identified by ``locator``.</doc>
<arguments>
<arg>${Anmelden}</arg>
</arguments>
<msg timestamp="20201009 13:12:03.833" level="INFO">Clicking element 'xpath=/html/body/div[1]/div/div/div/section/div/div/div/div[2]/div[1]/div/form/section[3]/div[1]'.</msg>
<status status="PASS" starttime="20201009 13:12:03.833" endtime="20201009 13:12:03.927"></status>
</kw>
<status status="PASS" starttime="20201009 13:11:54.985" endtime="20201009 13:12:03.927"></status>
</kw>
<kw name="Wait For Loading Spinner">
<kw name="Sleep" library="BuiltIn">
<doc>Pauses the test executed for the given time.</doc>
<arguments>
<arg>10s</arg>
</arguments>
<msg timestamp="20201009 13:12:13.932" level="INFO">Slept 10 seconds</msg>
<status status="PASS" starttime="20201009 13:12:03.929" endtime="20201009 13:12:13.932"></status>
</kw>
<kw name="Wait Until Element Is Not Visible" library="SeleniumLibrary">
<doc>Waits until the element ``locator`` is not visible.</doc>
<arguments>
<arg>class=loader-bg</arg>
<arg>${Delay}</arg>
</arguments>
<status status="PASS" starttime="20201009 13:12:13.933" endtime="20201009 13:12:22.110"></status>
</kw>
<kw name="Wait Until Element Is Visible" library="SeleniumLibrary">
<doc>Waits until the element ``locator`` is visible.</doc>
<arguments>
<arg>${SpontanesA}</arg>
<arg>${Delay}</arg>
</arguments>
<status status="PASS" starttime="20201009 13:12:22.111" endtime="20201009 13:12:22.483"></status>
</kw>
<status status="PASS" starttime="20201009 13:12:03.928" endtime="20201009 13:12:22.485"></status>
</kw>
<kw name="Click Element" library="SeleniumLibrary">
<doc>Click the element identified by ``locator``.</doc>
<arguments>
<arg>${SpontanesA}</arg>
</arguments>
<msg timestamp="20201009 13:12:22.489" level="INFO">Clicking element 'class=icon-spontaneous-audit'.</msg>
<status status="PASS" starttime="20201009 13:12:22.489" endtime="20201009 13:12:22.908"></status>
</kw>
<kw name="Wait Until Element Is Visible" library="SeleniumLibrary">
<doc>Waits until the element ``locator`` is visible.</doc>
<arguments>
<arg>${Hinzufügen}</arg>
<arg>${Delay}</arg>
</arguments>
<status status="PASS" starttime="20201009 13:12:22.909" endtime="20201009 13:12:26.635"></status>
</kw>
<kw name="Click Element" library="SeleniumLibrary">
<doc>Click the element identified by ``locator``.</doc>
<arguments>
<arg>${Hinzufügen}</arg>
</arguments>
<msg timestamp="20201009 13:12:26.636" level="INFO">Clicking element 'xpath=//div[contains(text(),'Hinzufügen')]'.</msg>
<status status="PASS" starttime="20201009 13:12:26.636" endtime="20201009 13:12:26.864"></status>
</kw>
<kw name="Click Element" library="SeleniumLibrary">
<doc>Click the element identified by ``locator``.</doc>
<arguments>
<arg>${Speichern}</arg>
</arguments>
<msg timestamp="20201009 13:12:26.865" level="INFO">Clicking element 'class=save-text'.</msg>
<status status="PASS" starttime="20201009 13:12:26.865" endtime="20201009 13:12:28.120"></status>
</kw>
<kw name="Get Current Date" library="DateTime">
<doc>Returns current local or UTC time with an optional increment.</doc>
<arguments>
<arg>result_format=%d.%m.%Y</arg>
</arguments>
<assign>
<var>${Date}</var>
</assign>
<msg timestamp="20201009 13:12:28.121" level="INFO">${Date} = 09.10.2020</msg>
<status status="PASS" starttime="20201009 13:12:28.121" endtime="20201009 13:12:28.121"></status>
</kw>
<kw name="Element Text Should Be" library="SeleniumLibrary">
<doc>Verifies that element ``locator`` contains exact the text ``expected``.</doc>
<arguments>
<arg>${LetzteAe}</arg>
<arg>${Date}</arg>
</arguments>
<msg timestamp="20201009 13:12:28.121" level="INFO">Verifying element 'xpath=//*[@id="content"]/div/div/div[2]/div/div[1]/div/div[2]/table/tbody/tr[1]/td[2]/div/div/div/span/span[1]/span' contains exact text '09.10.2020'.</msg>
<status status="PASS" starttime="20201009 13:12:28.121" endtime="20201009 13:12:28.222"></status>
</kw>
<kw name="Element Text Should Be" library="SeleniumLibrary">
<doc>Verifies that element ``locator`` contains exact the text ``expected``.</doc>
<arguments>
<arg>${ErfasstAm}</arg>
<arg>${Date}</arg>
</arguments>
<msg timestamp="20201009 13:12:28.224" level="INFO">Verifying element 'xpath=//*[@id="content"]/div/div/div[2]/div/div[1]/div/div[2]/table/tbody/tr[1]/td[5]/div/div/div/span/span[1]/span' contains exact text '09.10.2020'.</msg>
<status status="PASS" starttime="20201009 13:12:28.222" endtime="20201009 13:12:28.268"></status>
</kw>
<kw name="Element Text Should Be" library="SeleniumLibrary">
<doc>Verifies that element ``locator`` contains exact the text ``expected``.</doc>
<arguments>
<arg>${ZuletztBeV}</arg>
<arg>Tester Robot</arg>
</arguments>
<msg timestamp="20201009 13:12:28.269" level="INFO">Verifying element 'xpath=//*[@id="content"]/div/div/div[2]/div/div[1]/div/div[2]/table/tbody/tr[1]/td[3]/div/div/div/span/span[1]/span' contains exact text 'Tester Robot'.</msg>
<status status="PASS" starttime="20201009 13:12:28.269" endtime="20201009 13:12:28.323"></status>
</kw>
<status status="PASS" starttime="20201009 13:11:54.984" endtime="20201009 13:12:28.325" critical="yes"></status>
</test>
<status status="PASS" starttime="20201009 13:11:54.701" endtime="20201009 13:12:28.328"></status>
</suite>
<statistics>
<total>
<stat pass="1" fail="0">Critical Tests</stat>
<stat pass="1" fail="0">All Tests</stat>
</total>
<tag>
</tag>
<suite>
<stat pass="1" fail="0" id="s1" name="Spontanes Audit-Erzeugen">Spontanes Audit-Erzeugen</stat>
</suite>
</statistics>
<errors>
</errors>
</robot>
